#
# A fatal error has been detected by the Java Runtime Environment:
#
#  SIGSEGV (0xb) at pc=0xb77ab7a7, pid=4254, tid=1775934272
#
# JRE version: 7.0_21-b11
# Java VM: Java HotSpot(TM) Server VM (23.21-b01 mixed mode linux-x86 )
# Problematic frame:
# C  [ld-linux.so.2+0x97a7]  _dl_rtld_di_serinfo+0xc87
#
# Failed to write core dump. Core dumps have been disabled. To enable core dumping, try "ulimit -c unlimited" before starting Java again
#
# If you would like to submit a bug report, please visit:
#   http://bugreport.sun.com/bugreport/crash.jsp
# The crash happened outside the Java Virtual Machine in native code.
# See problematic frame for where to report the bug.
#

---------------  T H R E A D  ---------------

Current thread (0x6e2e4400):  JavaThread "JavaFX Application Thread" [_thread_in_native, id=4289, stack(0x69d59000,0x69daa000)]

siginfo:si_signo=SIGSEGV: si_errno=0, si_code=2 (SEGV_ACCERR), si_addr=0xb341ecfc

Registers:
EAX=0xb341ecf8, EBX=0xb77c2ff4, ECX=0x00000000, EDX=0x00000107
ESP=0x69da4d40, EBP=0x6928f994, ESI=0x6928f670, EDI=0x00000000
EIP=0xb77ab7a7, EFLAGS=0x00010202, CR2=0xb341ecfc

Top of Stack: (sp=0x69da4d40)
0x69da4d40:   b716dcac 00000000 00da4d88 69da4dac
0x69da4d50:   b7027193 69da4d88 00000029 6928f994
0x69da4d60:   6e73fb40 00000001 00000000 00000006
0x69da4d70:   c4a47977 00000107 69da4ea8 062523cb
0x69da4d80:   69da4db0 b77bdd3c 6b10e3bc 66d543f0
0x69da4d90:   00000088 0000000e 00000000 00000000
0x69da4da0:   00000002 00000000 00000000 6928f670
0x69da4db0:   66d543f0 656e6966 00000000 00000000 

Instructions: (pc=0xb77ab7a7)
0xb77ab787:   ac fc ff ff 08 0f 85 66 04 00 00 8b 96 78 01 00
0xb77ab797:   00 85 d2 89 54 24 34 0f 84 8c 00 00 00 8b 46 38
0xb77ab7a7:   8b 40 04 89 44 24 48 8b 46 34 8b 40 04 89 44 24
0xb77ab7b7:   74 8b 86 84 01 00 00 85 c0 0f 84 c0 03 00 00 8b 

Register to memory mapping:

EAX=0xb341ecf8 is an unallocated location in the heap
EBX=0xb77c2ff4: <offset 0x20ff4> in /lib/ld-linux.so.2 at 0xb77a2000
ECX=0x00000000 is an unknown value
EDX=0x00000107 is an unknown value
ESP=0x69da4d40 is pointing into the stack for thread: 0x6e2e4400
EBP=0x6928f994 is an unknown value
ESI=0x6928f670 is an unknown value
EDI=0x00000000 is an unknown value


Stack: [0x69d59000,0x69daa000],  sp=0x69da4d40,  free space=303k
Native frames: (J=compiled Java code, j=interpreted, Vv=VM code, C=native code)
C  [ld-linux.so.2+0x97a7]  _dl_rtld_di_serinfo+0xc87

Java frames: (J=compiled Java code, j=interpreted, Vv=VM code)
j  java.lang.ClassLoader$NativeLibrary.find(Ljava/lang/String;)J+0
j  java.lang.ClassLoader.findNative(Ljava/lang/ClassLoader;Ljava/lang/String;)J+49
v  ~StubRoutines::call_stub
j  com.sun.javafx.font.FontConfigManager.populateMapsNative(Ljava/util/HashMap;Ljava/util/HashMap;Ljava/util/HashMap;Ljava/util/Locale;)Z+0
j  com.sun.javafx.font.FontConfigManager.populateMaps(Ljava/util/HashMap;Ljava/util/HashMap;Ljava/util/HashMap;Ljava/util/Locale;)V+16
j  com.sun.t2k.T2KFontFactory.getFullNameToFileMap()Ljava/util/HashMap;+192
j  com.sun.t2k.T2KFontFactory.getFontFamilyNames()[Ljava/lang/String;+147
j  com.sun.webpane.sg.prism.WCFontImpl.getFont(Ljava/lang/String;ZZF)Lcom/sun/webpane/platform/graphics/WCFont;+103
j  com.sun.webpane.sg.prism.FXGraphicsManager.getWCFont(Ljava/lang/String;ZZF)Lcom/sun/webpane/platform/graphics/WCFont;+5
v  ~StubRoutines::call_stub
j  com.sun.webpane.webkit.Timer.twkFireTimerEvent()V+0
j  com.sun.webpane.webkit.Timer.fireTimerEvent(J)V+45
j  com.sun.webpane.webkit.Timer.notifyTick()V+25
j  javafx.scene.web.WebEngine$PulseTimer$2.pulse()V+3
j  com.sun.javafx.tk.Toolkit.firePulse()V+129
j  com.sun.javafx.tk.quantum.QuantumToolkit.pulse()V+100
j  com.sun.javafx.tk.quantum.QuantumToolkit$9.run()V+4
j  com.sun.glass.ui.InvokeLaterDispatcher$Future.run()V+4
v  ~StubRoutines::call_stub
j  com.sun.glass.ui.gtk.GtkApplication._runLoop([Ljava/lang/String;Lcom/sun/glass/ui/Launchable;Z)V+0
j  com.sun.glass.ui.gtk.GtkApplication$3$1.run()V+38
j  java.lang.Thread.run()V+11
v  ~StubRoutines::call_stub

---------------  P R O C E S S  ---------------

Java Threads: ( => current thread )
  0x69271800 JavaThread "Disposer" daemon [_thread_blocked, id=4300, stack(0x695af000,0x69600000)]
  0x096f5800 JavaThread "pool-2-thread-1" [_thread_blocked, id=4299, stack(0x693af000,0x69400000)]
  0x696c5800 JavaThread "MaxUpdaterThread" daemon [_thread_blocked, id=4295, stack(0x69a5e000,0x69aaf000)]
  0x697d4800 JavaThread "JobScheduler" [_thread_blocked, id=4292, stack(0x69aaf000,0x69b00000)]
  0x697c0400 JavaThread "AWT-XAWT" daemon [_thread_in_native, id=4291, stack(0x69c2f000,0x69c80000)]
  0x697aa000 JavaThread "Java2D Disposer" daemon [_thread_blocked, id=4290, stack(0x69c80000,0x69cd1000)]
=>0x6e2e4400 JavaThread "JavaFX Application Thread" [_thread_in_native, id=4289, stack(0x69d59000,0x69daa000)]
  0x6e2e1400 JavaThread "Thread-2" daemon [_thread_blocked, id=4288, stack(0x69daa000,0x69dfb000)]
  0x6e25a000 JavaThread "Disposer" daemon [_thread_blocked, id=4285, stack(0x6c0cc000,0x6c11d000)]
  0x6e257c00 JavaThread "QuantumRenderer-0" daemon [_thread_blocked, id=4284, stack(0x6e14e000,0x6e19f000)]
  0x6e73bc00 JavaThread "JavaFX-Launcher" [_thread_blocked, id=4282, stack(0x6e836000,0x6e887000)]
  0x6ed84c00 JavaThread "Service Thread" daemon [_thread_blocked, id=4279, stack(0x6e997000,0x6e9e8000)]
  0x6ed82400 JavaThread "C2 CompilerThread1" daemon [_thread_blocked, id=4278, stack(0x6e9e8000,0x6ea69000)]
  0x6ed80400 JavaThread "C2 CompilerThread0" daemon [_thread_blocked, id=4277, stack(0x6ea69000,0x6eaea000)]
  0x093d9c00 JavaThread "JDWP Command Reader" daemon [_thread_in_native, id=4274, stack(0x6eaea000,0x6eb3b000)]
  0x6ed7e800 JavaThread "JDWP Event Helper Thread" daemon [_thread_blocked, id=4273, stack(0x6eb3b000,0x6eb8c000)]
  0x6ed7c000 JavaThread "JDWP Transport Listener: dt_socket" daemon [_thread_blocked, id=4270, stack(0x6eb8c000,0x6ebdd000)]
  0x6ed72000 JavaThread "Signal Dispatcher" daemon [_thread_blocked, id=4268, stack(0x71c2e000,0x71c7f000)]
  0x6ed38000 JavaThread "Finalizer" daemon [_thread_blocked, id=4267, stack(0x6ebdd000,0x6ec2e000)]
  0x6ed36400 JavaThread "Reference Handler" daemon [_thread_blocked, id=4266, stack(0x6ec2e000,0x6ec7f000)]
  0xb670b000 JavaThread "main" [_thread_blocked, id=4262, stack(0xb68f8000,0xb6949000)]

Other Threads:
  0x6ed30800 VMThread [stack: 0x6ec7f000,0x6ed00000] [id=4265]
  0x6ed86c00 WatcherThread [stack: 0x6e916000,0x6e997000] [id=4280]

VM state:not at safepoint (normal execution)

VM Mutex/Monitor currently owned by a thread: None

Heap
 PSYoungGen      total 279360K, used 229825K [0x9ee40000, 0xb3340000, 0xb3440000)
  eden space 279104K, 82% used [0x9ee40000,0xace70f80,0xafed0000)
  from space 256K, 99% used [0xb3180000,0xb31bf658,0xb31c0000)
  to   space 1088K, 0% used [0xb3230000,0xb3230000,0xb3340000)
 ParOldGen       total 41728K, used 11074K [0x76240000, 0x78b00000, 0x9ee40000)
  object space 41728K, 26% used [0x76240000,0x76d10990,0x78b00000)
 PSPermGen       total 16384K, used 14520K [0x72240000, 0x73240000, 0x76240000)
  object space 16384K, 88% used [0x72240000,0x7306e1b8,0x73240000)

Card table byte_map: [0x72036000,0x72240000] byte_map_base: 0x71ca4e00

Polling page: 0xb7792000

Code Cache  [0xb3500000, 0xb3740000, 0xb6500000)
 total_blobs=453 nmethods=141 adapters=272 free_code_cache=48420Kb largest_free_block=49553088

Compilation events (10 events):
Event: 36.679 Thread 0x6ed82400  137             java.lang.String::contains (20 bytes)
Event: 36.680 Thread 0x6ed82400 nmethod 137 0xb3553088 code [0xb35531a0, 0xb355327c]
Event: 37.073 Thread 0x6ed80400  138   !         com.live.Debugger.CodeEditor::loadExternalResource (125 bytes)
Event: 37.093 Thread 0x6ed80400 nmethod 138 0xb3588208 code [0xb3588440, 0xb3589214]
Event: 37.575 Thread 0x6ed82400    8 % !         com.live.Debugger.CodeEditor::loadExternalResource @ 43 (125 bytes)
Event: 37.589 Thread 0x6ed80400  139             java.io.BufferedReader::readLine (6 bytes)
Event: 37.589 Thread 0x6ed80400 nmethod 139 0xb35ab748 code [0xb35ab840, 0xb35ab89c]
Event: 37.602 Thread 0x6ed82400 nmethod 8% 0xb35bc5c8 code [0xb35bc7c0, 0xb35bd520]
Event: 39.951 Thread 0x6ed80400  140             java.lang.CharacterDataLatin1::toUpperCase (53 bytes)
Event: 39.952 Thread 0x6ed80400 nmethod 140 0xb3587fc8 code [0xb35880c0, 0xb3588170]

GC Heap History (10 events):
Event: 39.143 GC heap before
{Heap before GC invocations=47 (full 0):
 PSYoungGen      total 187200K, used 187066K [0x9ee40000, 0xb1e60000, 0xb3440000)
  eden space 186368K, 99% used [0x9ee40000,0xaa42d318,0xaa440000)
  from space 832K, 92% used [0xb1d90000,0xb1e514f8,0xb1e60000)
  to   space 1280K, 0% used [0xb1be0000,0xb1be0000,0xb1d20000)
 ParOldGen       total 41728K, used 10319K [0x76240000, 0x78b00000, 0x9ee40000)
  object space 41728K, 24% used [0x76240000,0x76c53fc0,0x78b00000)
 PSPermGen       total 16384K, used 14403K [0x72240000, 0x73240000, 0x76240000)
  object space 16384K, 87% used [0x72240000,0x73050c80,0x73240000)
Event: 39.145 GC heap after
Heap after GC invocations=47 (full 0):
 PSYoungGen      total 227840K, used 419K [0x9ee40000, 0xb1da0000, 0xb3440000)
  eden space 227392K, 0% used [0x9ee40000,0x9ee40000,0xacc50000)
  from space 448K, 93% used [0xb1be0000,0xb1c48d88,0xb1c50000)
  to   space 1216K, 0% used [0xb1c70000,0xb1c70000,0xb1da0000)
 ParOldGen       total 41728K, used 10835K [0x76240000, 0x78b00000, 0x9ee40000)
  object space 41728K, 25% used [0x76240000,0x76cd4e98,0x78b00000)
 PSPermGen       total 16384K, used 14403K [0x72240000, 0x73240000, 0x76240000)
  object space 16384K, 87% used [0x72240000,0x73050c80,0x73240000)
}
Event: 39.248 GC heap before
{Heap before GC invocations=48 (full 0):
 PSYoungGen      total 227840K, used 227764K [0x9ee40000, 0xb1da0000, 0xb3440000)
  eden space 227392K, 99% used [0x9ee40000,0xacc44398,0xacc50000)
  from space 448K, 93% used [0xb1be0000,0xb1c48d88,0xb1c50000)
  to   space 1216K, 0% used [0xb1c70000,0xb1c70000,0xb1da0000)
 ParOldGen       total 41728K, used 10835K [0x76240000, 0x78b00000, 0x9ee40000)
  object space 41728K, 25% used [0x76240000,0x76cd4e98,0x78b00000)
 PSPermGen       total 16384K, used 14403K [0x72240000, 0x73240000, 0x76240000)
  object space 16384K, 87% used [0x72240000,0x73050c80,0x73240000)
Event: 39.249 GC heap after
Heap after GC invocations=48 (full 0):
 PSYoungGen      total 277888K, used 423K [0x9ee40000, 0xb1ce0000, 0xb3440000)
  eden space 277440K, 0% used [0x9ee40000,0x9ee40000,0xafd30000)
  from space 448K, 94% used [0xb1c70000,0xb1cd9f88,0xb1ce0000)
  to   space 1152K, 0% used [0xb1aa0000,0xb1aa0000,0xb1bc0000)
 ParOldGen       total 41728K, used 11074K [0x76240000, 0x78b00000, 0x9ee40000)
  object space 41728K, 26% used [0x76240000,0x76d10990,0x78b00000)
 PSPermGen       total 16384K, used 14403K [0x72240000, 0x73240000, 0x76240000)
  object space 16384K, 87% used [0x72240000,0x73050c80,0x73240000)
}
Event: 39.368 GC heap before
{Heap before GC invocations=49 (full 0):
 PSYoungGen      total 277888K, used 277821K [0x9ee40000, 0xb1ce0000, 0xb3440000)
  eden space 277440K, 99% used [0x9ee40000,0xafd25548,0xafd30000)
  from space 448K, 94% used [0xb1c70000,0xb1cd9f88,0xb1ce0000)
  to   space 1152K, 0% used [0xb1aa0000,0xb1aa0000,0xb1bc0000)
 ParOldGen       total 41728K, used 11074K [0x76240000, 0x78b00000, 0x9ee40000)
  object space 41728K, 26% used [0x76240000,0x76d10990,0x78b00000)
 PSPermGen       total 16384K, used 14403K [0x72240000, 0x73240000, 0x76240000)
  object space 16384K, 87% used [0x72240000,0x73050c80,0x73240000)
Event: 39.369 GC heap after
Heap after GC invocations=49 (full 0):
 PSYoungGen      total 308736K, used 555K [0x9ee40000, 0xb3440000, 0xb3440000)
  eden space 307584K, 0% used [0x9ee40000,0x9ee40000,0xb1aa0000)
  from space 1152K, 48% used [0xb1aa0000,0xb1b2ae48,0xb1bc0000)
  to   space 1088K, 0% used [0xb3330000,0xb3330000,0xb3440000)
 ParOldGen       total 41728K, used 11074K [0x76240000, 0x78b00000, 0x9ee40000)
  object space 41728K, 26% used [0x76240000,0x76d10990,0x78b00000)
 PSPermGen       total 16384K, used 14403K [0x72240000, 0x73240000, 0x76240000)
  object space 16384K, 87% used [0x72240000,0x73050c80,0x73240000)
}
Event: 39.497 GC heap before
{Heap before GC invocations=50 (full 0):
 PSYoungGen      total 308736K, used 308058K [0x9ee40000, 0xb3440000, 0xb3440000)
  eden space 307584K, 99% used [0x9ee40000,0xb1a8bd70,0xb1aa0000)
  from space 1152K, 48% used [0xb1aa0000,0xb1b2ae48,0xb1bc0000)
  to   space 1088K, 0% used [0xb3330000,0xb3330000,0xb3440000)
 ParOldGen       total 41728K, used 11074K [0x76240000, 0x78b00000, 0x9ee40000)
  object space 41728K, 26% used [0x76240000,0x76d10990,0x78b00000)
 PSPermGen       total 16384K, used 14403K [0x72240000, 0x73240000, 0x76240000)
  object space 16384K, 87% used [0x72240000,0x73050c80,0x73240000)
Event: 39.498 GC heap after
Heap after GC invocations=50 (full 0):
 PSYoungGen      total 293440K, used 437K [0x9ee40000, 0xb33a0000, 0xb3440000)
  eden space 292992K, 0% used [0x9ee40000,0x9ee40000,0xb0c60000)
  from space 448K, 97% used [0xb3330000,0xb339d780,0xb33a0000)
  to   space 1088K, 0% used [0xb3180000,0xb3180000,0xb3290000)
 ParOldGen       total 41728K, used 11074K [0x76240000, 0x78b00000, 0x9ee40000)
  object space 41728K, 26% used [0x76240000,0x76d10990,0x78b00000)
 PSPermGen       total 16384K, used 14403K [0x72240000, 0x73240000, 0x76240000)
  object space 16384K, 87% used [0x72240000,0x73050c80,0x73240000)
}
Event: 39.618 GC heap before
{Heap before GC invocations=51 (full 0):
 PSYoungGen      total 293440K, used 293324K [0x9ee40000, 0xb33a0000, 0xb3440000)
  eden space 292992K, 99% used [0x9ee40000,0xb0c45b10,0xb0c60000)
  from space 448K, 97% used [0xb3330000,0xb339d780,0xb33a0000)
  to   space 1088K, 0% used [0xb3180000,0xb3180000,0xb3290000)
 ParOldGen       total 41728K, used 11074K [0x76240000, 0x78b00000, 0x9ee40000)
  object space 41728K, 26% used [0x76240000,0x76d10990,0x78b00000)
 PSPermGen       total 16384K, used 14403K [0x72240000, 0x73240000, 0x76240000)
  object space 16384K, 87% used [0x72240000,0x73050c80,0x73240000)
Event: 39.619 GC heap after
Heap after GC invocations=51 (full 0):
 PSYoungGen      total 279360K, used 253K [0x9ee40000, 0xb3340000, 0xb3440000)
  eden space 279104K, 0% used [0x9ee40000,0x9ee40000,0xafed0000)
  from space 256K, 99% used [0xb3180000,0xb31bf658,0xb31c0000)
  to   space 1088K, 0% used [0xb3230000,0xb3230000,0xb3340000)
 ParOldGen       total 41728K, used 11074K [0x76240000, 0x78b00000, 0x9ee40000)
  object space 41728K, 26% used [0x76240000,0x76d10990,0x78b00000)
 PSPermGen       total 16384K, used 14403K [0x72240000, 0x73240000, 0x76240000)
  object space 16384K, 87% used [0x72240000,0x73050c80,0x73240000)
}

Deoptimization events (10 events):
Event: 8.641 Thread 0x696d7c00 Uncommon trap -34 fr.pc 0xb354d770
Event: 8.642 Thread 0x696d7c00 Uncommon trap -34 fr.pc 0xb354d770
Event: 9.870 Thread 0x6e2e4400 Uncommon trap -34 fr.pc 0xb3576944
Event: 9.870 Thread 0x6e2e4400 Uncommon trap -34 fr.pc 0xb3576944
Event: 10.069 Thread 0x6e2e4400 Uncommon trap -83 fr.pc 0xb35adff8
Event: 10.105 Thread 0x6e2e4400 Uncommon trap -34 fr.pc 0xb35ab298
Event: 10.105 Thread 0x6e2e4400 Uncommon trap -34 fr.pc 0xb35ab298
Event: 10.105 Thread 0x6e2e4400 Uncommon trap -34 fr.pc 0xb35ab298
Event: 10.105 Thread 0x6e2e4400 Uncommon trap -34 fr.pc 0xb35ab298
Event: 40.100 Thread 0x6e2e4400 Uncommon trap 51 fr.pc 0xb356f878

Internal exceptions (10 events):
Event: 39.773 Thread 0x6e2e4400 Threw 0xacd52898 at /HUDSON/workspace/jdk7u21-2-build-linux-i586-product/jdk7u21/hotspot/src/share/vm/prims/jvm.cpp:1166
Event: 39.773 Thread 0x6e2e4400 Threw 0xacd54f98 at /HUDSON/workspace/jdk7u21-2-build-linux-i586-product/jdk7u21/hotspot/src/share/vm/prims/jvm.cpp:1166
Event: 39.824 Thread 0x6e2e4400 Threw 0xacd59100 at /HUDSON/workspace/jdk7u21-2-build-linux-i586-product/jdk7u21/hotspot/src/share/vm/prims/jvm.cpp:1166
Event: 39.827 Thread 0x6e2e4400 Threw 0xacd7d5c0 at /HUDSON/workspace/jdk7u21-2-build-linux-i586-product/jdk7u21/hotspot/src/share/vm/prims/jvm.cpp:1166
Event: 39.886 Thread 0x6e2e4400 Threw 0xacd81930 at /HUDSON/workspace/jdk7u21-2-build-linux-i586-product/jdk7u21/hotspot/src/share/vm/prims/jvm.cpp:1166
Event: 39.949 Thread 0x6e2e4400 Threw 0xacd8f0b0 at /HUDSON/workspace/jdk7u21-2-build-linux-i586-product/jdk7u21/hotspot/src/share/vm/prims/jvm.cpp:1166
Event: 39.950 Thread 0x6e2e4400 Threw 0xacd9dc50 at /HUDSON/workspace/jdk7u21-2-build-linux-i586-product/jdk7u21/hotspot/src/share/vm/prims/jvm.cpp:1166
Event: 39.950 Thread 0x6e2e4400 Threw 0xacdab978 at /HUDSON/workspace/jdk7u21-2-build-linux-i586-product/jdk7u21/hotspot/src/share/vm/prims/jvm.cpp:1166
Event: 40.219 Thread 0x6e73bc00 Threw 0xaca24c68 at /HUDSON/workspace/jdk7u21-2-build-linux-i586-product/jdk7u21/hotspot/src/share/vm/prims/jvm.cpp:1166
Event: 40.270 Thread 0x6e2e4400 Threw 0xace6a698 at /HUDSON/workspace/jdk7u21-2-build-linux-i586-product/jdk7u21/hotspot/src/share/vm/prims/jvm.cpp:1166

Events (10 events):
Event: 40.100 loading class 0x6ed6f630
Event: 40.107 loading class 0x6ed6f630 done
Event: 40.107 Executing VM operation: Deoptimize
Event: 40.107 Executing VM operation: Deoptimize done
Event: 40.107 Thread 0x6e2e4400 DEOPT PACKING pc=0xb356f878 sp=0x69da5cd0
Event: 40.107 Thread 0x6e2e4400 DEOPT UNPACKING pc=0xb352defc sp=0x69da5ca8 mode 2
Event: 40.219 loading class 0x6e7423d8
Event: 40.219 loading class 0x6e7423d8 done
Event: 40.270 loading class 0x6921e9f0
Event: 40.270 loading class 0x6921e9f0 done


Dynamic libraries:
08048000-08049000 r-xp 00000000 08:06 2895013    /home/dronesimulator/Desktop/jdk1.7.0_21/bin/java
08049000-0804a000 rw-p 00000000 08:06 2895013    /home/dronesimulator/Desktop/jdk1.7.0_21/bin/java
093d7000-097e8000 rw-p 00000000 00:00 0          [heap]
662c7000-662c8000 rw-p 00000000 00:00 0 
662c8000-66300000 rwxp 00000000 00:00 0 
66300000-6636a000 rw-p 00000000 00:00 0 
6636a000-66400000 ---p 00000000 00:00 0 
6640d000-6642c000 rw-p 00000000 00:00 0 
6642c000-66434000 rwxp 00000000 00:00 0 
66434000-66453000 rw-p 00000000 00:00 0 
66453000-66457000 rwxp 00000000 00:00 0 
66457000-66476000 rw-p 00000000 00:00 0 
66476000-66486000 rwxp 00000000 00:00 0 
66486000-664a5000 rw-p 00000000 00:00 0 
664a5000-664e1000 rwxp 00000000 00:00 0 
664e1000-665f9000 rw-p 00000000 00:00 0 
665f9000-66600000 ---p 00000000 00:00 0 
66607000-66648000 rw-p 00000000 00:00 0 
66655000-66669000 rwxp 00000000 00:00 0 
66669000-66688000 rw-p 00000000 00:00 0 
66688000-66700000 rw-p 00000000 00:00 0 
66700000-667cb000 rw-p 00000000 00:00 0 
667cb000-66800000 ---p 00000000 00:00 0 
66814000-6681c000 rwxp 00000000 00:00 0 
6681c000-6683b000 rw-p 00000000 00:00 0 
6683b000-6683f000 rwxp 00000000 00:00 0 
6683f000-6685e000 rw-p 00000000 00:00 0 
6685e000-66872000 rwxp 00000000 00:00 0 
66872000-66891000 rw-p 00000000 00:00 0 
66891000-668a5000 rwxp 00000000 00:00 0 
668a5000-668c4000 rw-p 00000000 00:00 0 
668c4000-66900000 rwxp 00000000 00:00 0 
66900000-66a00000 rw-p 00000000 00:00 0 
66a07000-66a48000 rw-p 00000000 00:00 0 
66a4a000-66a88000 rw-p 00000000 00:00 0 
66a88000-66b00000 rw-p 00000000 00:00 0 
66b00000-66bcd000 rw-p 00000000 00:00 0 
66bcd000-66c00000 ---p 00000000 00:00 0 
66c00000-66ce2000 rw-p 00000000 00:00 0 
66ce2000-66d00000 ---p 00000000 00:00 0 
66d00000-66df8000 rw-p 00000000 00:00 0 
66df8000-66e00000 ---p 00000000 00:00 0 
66e07000-67226000 rw-p 00000000 00:00 0 
67226000-67227000 ---p 00000000 00:00 0 
67227000-67a27000 rw-p 00000000 00:00 0          [stack:4301]
67a27000-67b6e000 r-xp 00000000 08:06 5243996    /usr/lib/i386-linux-gnu/libxml2.so.2.7.8
67b6e000-67b72000 r--p 00147000 08:06 5243996    /usr/lib/i386-linux-gnu/libxml2.so.2.7.8
67b72000-67b73000 rw-p 0014b000 08:06 5243996    /usr/lib/i386-linux-gnu/libxml2.so.2.7.8
67b73000-67b74000 rw-p 00000000 00:00 0 
67b74000-6913e000 r-xp 00000000 08:06 3021158    /home/dronesimulator/Desktop/jdk1.7.0_21/jre/lib/i386/libjfxwebkit.so
6913e000-691f3000 r--p 015ca000 08:06 3021158    /home/dronesimulator/Desktop/jdk1.7.0_21/jre/lib/i386/libjfxwebkit.so
691f3000-691f9000 rw-p 0167f000 08:06 3021158    /home/dronesimulator/Desktop/jdk1.7.0_21/jre/lib/i386/libjfxwebkit.so
691f9000-69200000 rw-p 00000000 00:00 0 
69200000-692cc000 rw-p 00000000 00:00 0 
692cc000-69300000 ---p 00000000 00:00 0 
69316000-69373000 rw-p 00000000 00:00 0 
69373000-693ad000 r-xp 00000000 08:06 5248040    /usr/lib/i386-linux-gnu/libxslt.so.1.1.26
693ad000-693ae000 r--p 0003a000 08:06 5248040    /usr/lib/i386-linux-gnu/libxslt.so.1.1.26
693ae000-693af000 rw-p 0003b000 08:06 5248040    /usr/lib/i386-linux-gnu/libxslt.so.1.1.26
693af000-693b2000 ---p 00000000 00:00 0 
693b2000-69400000 rw-p 00000000 00:00 0          [stack:4299]
69400000-69454000 rw-p 00000000 00:00 0 
69454000-69500000 ---p 00000000 00:00 0 
69507000-6950b000 rwxp 00000000 00:00 0 
6950b000-6952a000 rw-p 00000000 00:00 0 
6952a000-6955c000 r-xp 00000000 08:06 3021147    /home/dronesimulator/Desktop/jdk1.7.0_21/jre/lib/i386/libjavafx-iio.so
6955c000-6955d000 r--p 00032000 08:06 3021147    /home/dronesimulator/Desktop/jdk1.7.0_21/jre/lib/i386/libjavafx-iio.so
6955d000-6955e000 rw-p 00033000 08:06 3021147    /home/dronesimulator/Desktop/jdk1.7.0_21/jre/lib/i386/libjavafx-iio.so
6955e000-69561000 ---p 00000000 00:00 0 
69561000-695af000 rw-p 00000000 00:00 0 
695af000-695b2000 ---p 00000000 00:00 0 
695b2000-69600000 rw-p 00000000 00:00 0          [stack:4300]
69600000-69700000 rw-p 00000000 00:00 0 
69700000-69800000 rw-p 00000000 00:00 0 
69803000-6984c000 r-xp 00000000 08:06 3021123    /home/dronesimulator/Desktop/jdk1.7.0_21/jre/lib/i386/xawt/libmawt.so
6984c000-6984f000 rw-p 00048000 08:06 3021123    /home/dronesimulator/Desktop/jdk1.7.0_21/jre/lib/i386/xawt/libmawt.so
6984f000-698d5000 r-xp 00000000 08:06 3021119    /home/dronesimulator/Desktop/jdk1.7.0_21/jre/lib/i386/libawt.so
698d5000-698dc000 rw-p 00086000 08:06 3021119    /home/dronesimulator/Desktop/jdk1.7.0_21/jre/lib/i386/libawt.so
698dc000-69900000 rw-p 00000000 00:00 0 
69900000-699ff000 rw-p 00000000 00:00 0 
699ff000-69a00000 ---p 00000000 00:00 0 
69a0d000-69a10000 ---p 00000000 00:00 0 
69a10000-69a5e000 rw-p 00000000 00:00 0 
69a5e000-69a61000 ---p 00000000 00:00 0 
69a61000-69aaf000 rw-p 00000000 00:00 0          [stack:4295]
69aaf000-69ab2000 ---p 00000000 00:00 0 
69ab2000-69b00000 rw-p 00000000 00:00 0          [stack:4292]
69b00000-69bf3000 rw-p 00000000 00:00 0 
69bf3000-69c00000 ---p 00000000 00:00 0 
69c0d000-69c2c000 rw-p 00000000 00:00 0 
69c2c000-69c2f000 r--s 000f7000 08:06 3021112    /home/dronesimulator/Desktop/jdk1.7.0_21/jre/lib/ext/localedata.jar
69c2f000-69c32000 ---p 00000000 00:00 0 
69c32000-69c80000 rw-p 00000000 00:00 0          [stack:4291]
69c80000-69c83000 ---p 00000000 00:00 0 
69c83000-69cd1000 rw-p 00000000 00:00 0          [stack:4290]
69cd1000-69ce5000 r-xp 00000000 08:06 3021157    /home/dronesimulator/Desktop/jdk1.7.0_21/jre/lib/i386/libnet.so
69ce5000-69ce6000 rw-p 00014000 08:06 3021157    /home/dronesimulator/Desktop/jdk1.7.0_21/jre/lib/i386/libnet.so
69ce6000-69d59000 rw-p 00000000 00:00 0 
69d59000-69d5c000 ---p 00000000 00:00 0 
69d5c000-69daa000 rw-p 00000000 00:00 0          [stack:4289]
69daa000-69dad000 ---p 00000000 00:00 0 
69dad000-69dfb000 rw-p 00000000 00:00 0          [stack:4288]
69dfb000-69e01000 r-xp 00000000 08:06 5247853    /usr/lib/i386-linux-gnu/libogg.so.0.7.1
69e01000-69e02000 r--p 00005000 08:06 5247853    /usr/lib/i386-linux-gnu/libogg.so.0.7.1
69e02000-69e03000 rw-p 00006000 08:06 5247853    /usr/lib/i386-linux-gnu/libogg.so.0.7.1
69e03000-69e2c000 r-xp 00000000 08:06 5248003    /usr/lib/i386-linux-gnu/libvorbis.so.0.4.5
69e2c000-69e2d000 r--p 00028000 08:06 5248003    /usr/lib/i386-linux-gnu/libvorbis.so.0.4.5
69e2d000-69e2e000 rw-p 00029000 08:06 5248003    /usr/lib/i386-linux-gnu/libvorbis.so.0.4.5
69e2e000-69e36000 r-xp 00000000 08:06 5247810    /usr/lib/i386-linux-gnu/libltdl.so.7.3.0
69e36000-69e37000 r--p 00008000 08:06 5247810    /usr/lib/i386-linux-gnu/libltdl.so.7.3.0
69e37000-69e38000 rw-p 00009000 08:06 5247810    /usr/lib/i386-linux-gnu/libltdl.so.7.3.0
69e38000-69e49000 r-xp 00000000 08:06 5247978    /usr/lib/i386-linux-gnu/libtdb.so.1.2.9
69e49000-69e4a000 r--p 00010000 08:06 5247978    /usr/lib/i386-linux-gnu/libtdb.so.1.2.9
69e4a000-69e4b000 rw-p 00011000 08:06 5247978    /usr/lib/i386-linux-gnu/libtdb.so.1.2.9
69e4b000-69e53000 r-xp 00000000 08:06 5248007    /usr/lib/i386-linux-gnu/libvorbisfile.so.3.3.4
69e53000-69e54000 r--p 00007000 08:06 5248007    /usr/lib/i386-linux-gnu/libvorbisfile.so.3.3.4
69e54000-69e55000 rw-p 00008000 08:06 5248007    /usr/lib/i386-linux-gnu/libvorbisfile.so.3.3.4
69e55000-69e64000 r-xp 00000000 08:06 5247536    /usr/lib/i386-linux-gnu/libcanberra.so.0.2.5
69e64000-69e65000 r--p 0000e000 08:06 5247536    /usr/lib/i386-linux-gnu/libcanberra.so.0.2.5
69e65000-69e66000 rw-p 0000f000 08:06 5247536    /usr/lib/i386-linux-gnu/libcanberra.so.0.2.5
69e66000-69e6a000 r-xp 00000000 08:06 5247532    /usr/lib/i386-linux-gnu/libcanberra-gtk.so.0.1.8
69e6a000-69e6b000 r--p 00003000 08:06 5247532    /usr/lib/i386-linux-gnu/libcanberra-gtk.so.0.1.8
69e6b000-69e6c000 rw-p 00004000 08:06 5247532    /usr/lib/i386-linux-gnu/libcanberra-gtk.so.0.1.8
69e6e000-69e7c000 r-xp 00000000 08:06 3021166    /home/dronesimulator/Desktop/jdk1.7.0_21/jre/lib/i386/libnio.so
69e7c000-69e7d000 rw-p 0000e000 08:06 3021166    /home/dronesimulator/Desktop/jdk1.7.0_21/jre/lib/i386/libnio.so
69e7d000-69e87000 r--s 00254000 08:06 2895201    /home/dronesimulator/Desktop/jdk1.7.0_21/jre/lib/resources.jar
69e87000-69ebc000 r-xp 00000000 08:06 5248514    /usr/lib/i386-linux-gnu/gtk-2.0/2.10.0/engines/libmurrine.so
69ebc000-69ebd000 r--p 00034000 08:06 5248514    /usr/lib/i386-linux-gnu/gtk-2.0/2.10.0/engines/libmurrine.so
69ebd000-69ebe000 rw-p 00035000 08:06 5248514    /usr/lib/i386-linux-gnu/gtk-2.0/2.10.0/engines/libmurrine.so
69ebe000-69ebf000 ---p 00000000 00:00 0 
69ebf000-6a6bf000 rw-p 00000000 00:00 0          [stack:4287]
6a6bf000-6a6c0000 ---p 00000000 00:00 0 
6a6c0000-6aec0000 rw-p 00000000 00:00 0          [stack:4286]
6aec0000-6aece000 r-xp 00000000 08:06 3801211    /lib/i386-linux-gnu/libudev.so.0.13.0
6aece000-6aecf000 r--p 0000e000 08:06 3801211    /lib/i386-linux-gnu/libudev.so.0.13.0
6aecf000-6aed0000 rw-p 0000f000 08:06 3801211    /lib/i386-linux-gnu/libudev.so.0.13.0
6aed0000-6af17000 r-xp 00000000 08:06 3801932    /lib/i386-linux-gnu/libdbus-1.so.3.5.8
6af17000-6af18000 r--p 00047000 08:06 3801932    /lib/i386-linux-gnu/libdbus-1.so.3.5.8
6af18000-6af19000 rw-p 00048000 08:06 3801932    /lib/i386-linux-gnu/libdbus-1.so.3.5.8
6af1a000-6af1b000 rw-p 00000000 00:00 0 
6af1b000-6af20000 r-xp 00000000 08:06 5248536    /usr/lib/i386-linux-gnu/gtk-2.0/modules/libcanberra-gtk-module.so
6af20000-6af21000 r--p 00004000 08:06 5248536    /usr/lib/i386-linux-gnu/gtk-2.0/modules/libcanberra-gtk-module.so
6af21000-6af22000 rw-p 00005000 08:06 5248536    /usr/lib/i386-linux-gnu/gtk-2.0/modules/libcanberra-gtk-module.so
6af22000-6af32000 r-xp 00000000 08:06 5248380    /usr/lib/i386-linux-gnu/gio/modules/libgioremote-volume-monitor.so
6af32000-6af33000 r--p 0000f000 08:06 5248380    /usr/lib/i386-linux-gnu/gio/modules/libgioremote-volume-monitor.so
6af33000-6af34000 rw-p 00010000 08:06 5248380    /usr/lib/i386-linux-gnu/gio/modules/libgioremote-volume-monitor.so
6af34000-6af49000 r-xp 00000000 08:06 5248584    /usr/lib/i386-linux-gnu/gvfs/libgvfscommon.so
6af49000-6af4a000 r--p 00014000 08:06 5248584    /usr/lib/i386-linux-gnu/gvfs/libgvfscommon.so
6af4a000-6af4b000 rw-p 00015000 08:06 5248584    /usr/lib/i386-linux-gnu/gvfs/libgvfscommon.so
6af4b000-6af74000 r-xp 00000000 08:06 5248381    /usr/lib/i386-linux-gnu/gio/modules/libgvfsdbus.so
6af74000-6af75000 r--p 00028000 08:06 5248381    /usr/lib/i386-linux-gnu/gio/modules/libgvfsdbus.so
6af75000-6af76000 rw-p 00029000 08:06 5248381    /usr/lib/i386-linux-gnu/gio/modules/libgvfsdbus.so
6af76000-6af9a000 r--p 00000000 08:06 6040038    /usr/share/glib-2.0/schemas/gschemas.compiled
6af9a000-6afd4000 r-xp 00000000 08:06 3801993    /lib/i386-linux-gnu/libpcre.so.3.12.1
6afd4000-6afd5000 r--p 00039000 08:06 3801993    /lib/i386-linux-gnu/libpcre.so.3.12.1
6afd5000-6afd6000 rw-p 0003a000 08:06 3801993    /lib/i386-linux-gnu/libpcre.so.3.12.1
6afd6000-6afdb000 r-xp 00000000 08:06 5247620    /usr/lib/i386-linux-gnu/libffi.so.6.0.0
6afdb000-6afdc000 r--p 00004000 08:06 5247620    /usr/lib/i386-linux-gnu/libffi.so.6.0.0
6afdc000-6afdd000 rw-p 00005000 08:06 5247620    /usr/lib/i386-linux-gnu/libffi.so.6.0.0
6afdd000-6b003000 r-xp 00000000 08:06 3801938    /lib/i386-linux-gnu/libexpat.so.1.5.2
6b003000-6b004000 ---p 00026000 08:06 3801938    /lib/i386-linux-gnu/libexpat.so.1.5.2
6b004000-6b006000 r--p 00026000 08:06 3801938    /lib/i386-linux-gnu/libexpat.so.1.5.2
6b006000-6b007000 rw-p 00028000 08:06 3801938    /lib/i386-linux-gnu/libexpat.so.1.5.2
6b007000-6b00f000 r-xp 00000000 08:06 5248026    /usr/lib/i386-linux-gnu/libxcb-render.so.0.0.0
6b00f000-6b010000 r--p 00008000 08:06 5248026    /usr/lib/i386-linux-gnu/libxcb-render.so.0.0.0
6b010000-6b011000 rw-p 00009000 08:06 5248026    /usr/lib/i386-linux-gnu/libxcb-render.so.0.0.0
6b011000-6b013000 r-xp 00000000 08:06 5248030    /usr/lib/i386-linux-gnu/libxcb-shm.so.0.0.0
6b013000-6b014000 r--p 00001000 08:06 5248030    /usr/lib/i386-linux-gnu/libxcb-shm.so.0.0.0
6b014000-6b015000 rw-p 00002000 08:06 5248030    /usr/lib/i386-linux-gnu/libxcb-shm.so.0.0.0
6b015000-6b03d000 r-xp 00000000 08:06 3801997    /lib/i386-linux-gnu/libpng12.so.0.46.0
6b03d000-6b03e000 r--p 00027000 08:06 3801997    /lib/i386-linux-gnu/libpng12.so.0.46.0
6b03e000-6b03f000 rw-p 00028000 08:06 3801997    /lib/i386-linux-gnu/libpng12.so.0.46.0
6b03f000-6b0d2000 r-xp 00000000 08:06 5247885    /usr/lib/i386-linux-gnu/libpixman-1.so.0.24.4
6b0d2000-6b0d6000 r--p 00092000 08:06 5247885    /usr/lib/i386-linux-gnu/libpixman-1.so.0.24.4
6b0d6000-6b0d7000 rw-p 00096000 08:06 5247885    /usr/lib/i386-linux-gnu/libpixman-1.so.0.24.4
6b0d7000-6b0ea000 r-xp 00000000 08:06 3802004    /lib/i386-linux-gnu/libresolv-2.15.so
6b0ea000-6b0eb000 ---p 00013000 08:06 3802004    /lib/i386-linux-gnu/libresolv-2.15.so
6b0eb000-6b0ec000 r--p 00013000 08:06 3802004    /lib/i386-linux-gnu/libresolv-2.15.so
6b0ec000-6b0ed000 rw-p 00014000 08:06 3802004    /lib/i386-linux-gnu/libresolv-2.15.so
6b0ed000-6b0ef000 rw-p 00000000 00:00 0 
6b0ef000-6b10c000 r-xp 00000000 08:06 3802008    /lib/i386-linux-gnu/libselinux.so.1
6b10c000-6b10d000 r--p 0001c000 08:06 3802008    /lib/i386-linux-gnu/libselinux.so.1
6b10d000-6b10e000 rw-p 0001d000 08:06 3802008    /lib/i386-linux-gnu/libselinux.so.1
6b10e000-6b122000 r-xp 00000000 08:06 3802031    /lib/i386-linux-gnu/libz.so.1.2.3.4
6b122000-6b123000 r--p 00013000 08:06 3802031    /lib/i386-linux-gnu/libz.so.1.2.3.4
6b123000-6b124000 rw-p 00014000 08:06 3802031    /lib/i386-linux-gnu/libz.so.1.2.3.4
6b124000-6b126000 r-xp 00000000 08:06 5247436    /usr/lib/i386-linux-gnu/libXdamage.so.1.1.0
6b126000-6b127000 r--p 00001000 08:06 5247436    /usr/lib/i386-linux-gnu/libXdamage.so.1.1.0
6b127000-6b128000 rw-p 00002000 08:06 5247436    /usr/lib/i386-linux-gnu/libXdamage.so.1.1.0
6b128000-6b12a000 r-xp 00000000 08:06 5247432    /usr/lib/i386-linux-gnu/libXcomposite.so.1.0.0
6b12a000-6b12b000 r--p 00001000 08:06 5247432    /usr/lib/i386-linux-gnu/libXcomposite.so.1.0.0
6b12b000-6b12c000 rw-p 00002000 08:06 5247432    /usr/lib/i386-linux-gnu/libXcomposite.so.1.0.0
6b12c000-6b135000 r-xp 00000000 08:06 5247434    /usr/lib/i386-linux-gnu/libXcursor.so.1.0.2
6b135000-6b136000 r--p 00008000 08:06 5247434    /usr/lib/i386-linux-gnu/libXcursor.so.1.0.2
6b136000-6b137000 rw-p 00009000 08:06 5247434    /usr/lib/i386-linux-gnu/libXcursor.so.1.0.2
6b137000-6b13f000 r-xp 00000000 08:06 5247462    /usr/lib/i386-linux-gnu/libXrender.so.1.3.0
6b13f000-6b140000 r--p 00007000 08:06 5247462    /usr/lib/i386-linux-gnu/libXrender.so.1.3.0
6b140000-6b141000 rw-p 00008000 08:06 5247462    /usr/lib/i386-linux-gnu/libXrender.so.1.3.0
6b141000-6b145000 r-xp 00000000 08:06 5247442    /usr/lib/i386-linux-gnu/libXfixes.so.3.1.0
6b145000-6b146000 r--p 00004000 08:06 5247442    /usr/lib/i386-linux-gnu/libXfixes.so.3.1.0
6b146000-6b147000 rw-p 00005000 08:06 5247442    /usr/lib/i386-linux-gnu/libXfixes.so.3.1.0
6b147000-6b163000 r-xp 00000000 08:06 3801941    /lib/i386-linux-gnu/libgcc_s.so.1
6b163000-6b164000 r--p 0001b000 08:06 3801941    /lib/i386-linux-gnu/libgcc_s.so.1
6b164000-6b165000 rw-p 0001c000 08:06 3801941    /lib/i386-linux-gnu/libgcc_s.so.1
6b165000-6b23d000 r-xp 00000000 08:06 5247970    /usr/lib/i386-linux-gnu/libstdc++.so.6.0.16
6b23d000-6b23e000 ---p 000d8000 08:06 5247970    /usr/lib/i386-linux-gnu/libstdc++.so.6.0.16
6b23e000-6b242000 r--p 000d8000 08:06 5247970    /usr/lib/i386-linux-gnu/libstdc++.so.6.0.16
6b242000-6b243000 rw-p 000dc000 08:06 5247970    /usr/lib/i386-linux-gnu/libstdc++.so.6.0.16
6b243000-6b24a000 rw-p 00000000 00:00 0 
6b24a000-6b341000 r-xp 00000000 08:06 3801945    /lib/i386-linux-gnu/libglib-2.0.so.0.3200.3
6b341000-6b342000 r--p 000f6000 08:06 3801945    /lib/i386-linux-gnu/libglib-2.0.so.0.3200.3
6b342000-6b343000 rw-p 000f7000 08:06 3801945    /lib/i386-linux-gnu/libglib-2.0.so.0.3200.3
6b343000-6b390000 r-xp 00000000 08:06 5247687    /usr/lib/i386-linux-gnu/libgobject-2.0.so.0.3200.3
6b390000-6b391000 r--p 0004c000 08:06 5247687    /usr/lib/i386-linux-gnu/libgobject-2.0.so.0.3200.3
6b391000-6b392000 rw-p 0004d000 08:06 5247687    /usr/lib/i386-linux-gnu/libgobject-2.0.so.0.3200.3
6b392000-6b3c4000 r-xp 00000000 08:06 5247622    /usr/lib/i386-linux-gnu/libfontconfig.so.1.4.4
6b3c4000-6b3c5000 r--p 00032000 08:06 5247622    /usr/lib/i386-linux-gnu/libfontconfig.so.1.4.4
6b3c5000-6b3c6000 rw-p 00033000 08:06 5247622    /usr/lib/i386-linux-gnu/libfontconfig.so.1.4.4
6b3c6000-6b45b000 r-xp 00000000 08:06 5247630    /usr/lib/i386-linux-gnu/libfreetype.so.6.8.0
6b45b000-6b45f000 r--p 00094000 08:06 5247630    /usr/lib/i386-linux-gnu/libfreetype.so.6.8.0
6b45f000-6b460000 rw-p 00098000 08:06 5247630    /usr/lib/i386-linux-gnu/libfreetype.so.6.8.0
6b460000-6b4a7000 r-xp 00000000 08:06 5247865    /usr/lib/i386-linux-gnu/libpango-1.0.so.0.3000.0
6b4a7000-6b4a8000 ---p 00047000 08:06 5247865    /usr/lib/i386-linux-gnu/libpango-1.0.so.0.3000.0
6b4a8000-6b4a9000 r--p 00047000 08:06 5247865    /usr/lib/i386-linux-gnu/libpango-1.0.so.0.3000.0
6b4a9000-6b4aa000 rw-p 00048000 08:06 5247865    /usr/lib/i386-linux-gnu/libpango-1.0.so.0.3000.0
6b4aa000-6b571000 r-xp 00000000 08:06 5247528    /usr/lib/i386-linux-gnu/libcairo.so.2.11000.2
6b571000-6b572000 r--p 000c7000 08:06 5247528    /usr/lib/i386-linux-gnu/libcairo.so.2.11000.2
6b572000-6b573000 rw-p 000c8000 08:06 5247528    /usr/lib/i386-linux-gnu/libcairo.so.2.11000.2
6b573000-6b575000 rw-p 00000000 00:00 0 
6b575000-6b580000 r-xp 00000000 08:06 5247867    /usr/lib/i386-linux-gnu/libpangocairo-1.0.so.0.3000.0
6b580000-6b581000 r--p 0000a000 08:06 5247867    /usr/lib/i386-linux-gnu/libpangocairo-1.0.so.0.3000.0
6b581000-6b582000 rw-p 0000b000 08:06 5247867    /usr/lib/i386-linux-gnu/libpangocairo-1.0.so.0.3000.0
6b582000-6b5a1000 r-xp 00000000 08:06 5247651    /usr/lib/i386-linux-gnu/libgdk_pixbuf-2.0.so.0.2600.1
6b5a1000-6b5a2000 r--p 0001e000 08:06 5247651    /usr/lib/i386-linux-gnu/libgdk_pixbuf-2.0.so.0.2600.1
6b5a2000-6b5a3000 rw-p 0001f000 08:06 5247651    /usr/lib/i386-linux-gnu/libgdk_pixbuf-2.0.so.0.2600.1
6b5a3000-6b6f6000 r-xp 00000000 08:06 5247663    /usr/lib/i386-linux-gnu/libgio-2.0.so.0.3200.3
6b6f6000-6b6f8000 r--p 00153000 08:06 5247663    /usr/lib/i386-linux-gnu/libgio-2.0.so.0.3200.3
6b6f8000-6b6f9000 rw-p 00155000 08:06 5247663    /usr/lib/i386-linux-gnu/libgio-2.0.so.0.3200.3
6b6f9000-6b6fa000 rw-p 00000000 00:00 0 
6b6fa000-6b717000 r-xp 00000000 08:06 5247490    /usr/lib/i386-linux-gnu/libatk-1.0.so.0.20409.1
6b717000-6b719000 r--p 0001c000 08:06 5247490    /usr/lib/i386-linux-gnu/libatk-1.0.so.0.20409.1
6b719000-6b71a000 rw-p 0001e000 08:06 5247490    /usr/lib/i386-linux-gnu/libatk-1.0.so.0.20409.1
6b71a000-6b7c5000 r-xp 00000000 08:06 5247649    /usr/lib/i386-linux-gnu/libgdk-x11-2.0.so.0.2400.10
6b7c5000-6b7c6000 ---p 000ab000 08:06 5247649    /usr/lib/i386-linux-gnu/libgdk-x11-2.0.so.0.2400.10
6b7c6000-6b7c8000 r--p 000ab000 08:06 5247649    /usr/lib/i386-linux-gnu/libgdk-x11-2.0.so.0.2400.10
6b7c8000-6b7c9000 rw-p 000ad000 08:06 5247649    /usr/lib/i386-linux-gnu/libgdk-x11-2.0.so.0.2400.10
6b7c9000-6bc29000 r-xp 00000000 08:06 5247748    /usr/lib/i386-linux-gnu/libgtk-x11-2.0.so.0.2400.10
6bc29000-6bc2d000 r--p 00460000 08:06 5247748    /usr/lib/i386-linux-gnu/libgtk-x11-2.0.so.0.2400.10
6bc2d000-6bc2f000 rw-p 00464000 08:06 5247748    /usr/lib/i386-linux-gnu/libgtk-x11-2.0.so.0.2400.10
6bc2f000-6bc31000 rw-p 00000000 00:00 0 
6bc31000-6be31000 rw-s 06c9c000 00:05 9958       /dev/nvidia0
6be31000-6bf31000 rw-s 0465f000 00:05 9958       /dev/nvidia0
6bf31000-6bf71000 rw-s 03d48000 00:05 9958       /dev/nvidia0
6bf71000-6bf91000 rw-s 0a322000 00:05 9958       /dev/nvidia0
6bf91000-6c045000 rw-p 00000000 00:00 0 
6c045000-6c049000 r--s 0008a000 08:06 2895209    /home/dronesimulator/Desktop/jdk1.7.0_21/jre/lib/jsse.jar
6c049000-6c050000 r-xp 00000000 08:06 5252010    /usr/lib/i386-linux-gnu/libXrandr.so.2.2.0
6c050000-6c051000 r--p 00006000 08:06 5252010    /usr/lib/i386-linux-gnu/libXrandr.so.2.2.0
6c051000-6c052000 rw-p 00007000 08:06 5252010    /usr/lib/i386-linux-gnu/libXrandr.so.2.2.0
6c052000-6c060000 r-xp 00000000 08:06 5247446    /usr/lib/i386-linux-gnu/libXi.so.6.1.0
6c060000-6c061000 r--p 0000d000 08:06 5247446    /usr/lib/i386-linux-gnu/libXi.so.6.1.0
6c061000-6c062000 rw-p 0000e000 08:06 5247446    /usr/lib/i386-linux-gnu/libXi.so.6.1.0
6c062000-6c08c000 r-xp 00000000 08:06 5247869    /usr/lib/i386-linux-gnu/libpangoft2-1.0.so.0.3000.0
6c08c000-6c08d000 r--p 00029000 08:06 5247869    /usr/lib/i386-linux-gnu/libpangoft2-1.0.so.0.3000.0
6c08d000-6c08e000 rw-p 0002a000 08:06 5247869    /usr/lib/i386-linux-gnu/libpangoft2-1.0.so.0.3000.0
6c08e000-6c095000 r-xp 00000000 08:06 5248376    /usr/lib/i386-linux-gnu/gio/modules/libdconfsettings.so
6c095000-6c096000 r--p 00006000 08:06 5248376    /usr/lib/i386-linux-gnu/gio/modules/libdconfsettings.so
6c096000-6c097000 rw-p 00007000 08:06 5248376    /usr/lib/i386-linux-gnu/gio/modules/libdconfsettings.so
6c097000-6c0a7000 r-xp 00000000 08:06 5245949    /usr/lib/liboverlay-scrollbar-0.2.so.0.0.16
6c0a7000-6c0a8000 r--p 0000f000 08:06 5245949    /usr/lib/liboverlay-scrollbar-0.2.so.0.0.16
6c0a8000-6c0a9000 rw-p 00010000 08:06 5245949    /usr/lib/liboverlay-scrollbar-0.2.so.0.0.16
6c0a9000-6c0ca000 r-xp 00000000 08:06 3021159    /home/dronesimulator/Desktop/jdk1.7.0_21/jre/lib/i386/libglass.so
6c0ca000-6c0cb000 r--p 00021000 08:06 3021159    /home/dronesimulator/Desktop/jdk1.7.0_21/jre/lib/i386/libglass.so
6c0cb000-6c0cc000 rw-p 00022000 08:06 3021159    /home/dronesimulator/Desktop/jdk1.7.0_21/jre/lib/i386/libglass.so
6c0cc000-6c0cf000 ---p 00000000 00:00 0 
6c0cf000-6c11d000 rw-p 00000000 00:00 0          [stack:4285]
6c11d000-6c13c000 rw-s 2e509000 00:05 9958       /dev/nvidia0
6c13c000-6c1bb000 rw-p 00000000 00:00 0 
6c1bb000-6de6e000 r-xp 00000000 08:06 5259965    /usr/lib/nvidia-experimental-310/libnvidia-glcore.so.310.14
6de6e000-6decb000 rwxp 01cb2000 08:06 5259965    /usr/lib/nvidia-experimental-310/libnvidia-glcore.so.310.14
6decb000-6dede000 rwxp 00000000 00:00 0 
6dede000-6dee1000 r-xp 00000000 08:06 5259959    /usr/lib/nvidia-experimental-310/tls/libnvidia-tls.so.310.14
6dee1000-6dee2000 rw-p 00002000 08:06 5259959    /usr/lib/nvidia-experimental-310/tls/libnvidia-tls.so.310.14
6dee2000-6def2000 r-xp 00000000 08:06 5247440    /usr/lib/i386-linux-gnu/libXext.so.6.4.0
6def2000-6def3000 r--p 0000f000 08:06 5247440    /usr/lib/i386-linux-gnu/libXext.so.6.4.0
6def3000-6def4000 rw-p 00010000 08:06 5247440    /usr/lib/i386-linux-gnu/libXext.so.6.4.0
6def4000-6df13000 r-xp 00000000 08:06 5248034    /usr/lib/i386-linux-gnu/libxcb.so.1.1.0
6df13000-6df14000 r--p 0001f000 08:06 5248034    /usr/lib/i386-linux-gnu/libxcb.so.1.1.0
6df14000-6df15000 rw-p 00020000 08:06 5248034    /usr/lib/i386-linux-gnu/libxcb.so.1.1.0
6df15000-6dfc5000 r-xp 00000000 08:06 5259961    /usr/lib/nvidia-experimental-310/libGL.so.310.14
6dfc5000-6dfe6000 rwxp 000af000 08:06 5259961    /usr/lib/nvidia-experimental-310/libGL.so.310.14
6dfe6000-6dff5000 rwxp 00000000 00:00 0 
6dff5000-6e125000 r-xp 00000000 08:06 5247425    /usr/lib/i386-linux-gnu/libX11.so.6.3.0
6e125000-6e126000 r--p 0012f000 08:06 5247425    /usr/lib/i386-linux-gnu/libX11.so.6.3.0
6e126000-6e128000 rw-p 00130000 08:06 5247425    /usr/lib/i386-linux-gnu/libX11.so.6.3.0
6e128000-6e129000 rw-p 00000000 00:00 0 
6e129000-6e12b000 rw-s 00000000 08:06 5516143    /tmp/gl72SxZz (deleted)
6e12b000-6e12d000 r-xs 00000000 08:06 5516143    /tmp/gl72SxZz (deleted)
6e12d000-6e12f000 r-xp 00000000 08:06 5247448    /usr/lib/i386-linux-gnu/libXinerama.so.1.0.0
6e12f000-6e130000 r--p 00001000 08:06 5247448    /usr/lib/i386-linux-gnu/libXinerama.so.1.0.0
6e130000-6e131000 rw-p 00002000 08:06 5247448    /usr/lib/i386-linux-gnu/libXinerama.so.1.0.0
6e131000-6e136000 r-xp 00000000 08:06 5247466    /usr/lib/i386-linux-gnu/libXtst.so.6.1.0
6e136000-6e137000 r--p 00004000 08:06 5247466    /usr/lib/i386-linux-gnu/libXtst.so.6.1.0
6e137000-6e138000 rw-p 00005000 08:06 5247466    /usr/lib/i386-linux-gnu/libXtst.so.6.1.0
6e138000-6e139000 r-xp 00000000 08:06 5247744    /usr/lib/i386-linux-gnu/libgthread-2.0.so.0.3200.3
6e139000-6e13a000 r--p 00000000 08:06 5247744    /usr/lib/i386-linux-gnu/libgthread-2.0.so.0.3200.3
6e13a000-6e13b000 rw-p 00001000 08:06 5247744    /usr/lib/i386-linux-gnu/libgthread-2.0.so.0.3200.3
6e13b000-6e13e000 r-xp 00000000 08:06 5247673    /usr/lib/i386-linux-gnu/libgmodule-2.0.so.0.3200.3
6e13e000-6e13f000 r--p 00002000 08:06 5247673    /usr/lib/i386-linux-gnu/libgmodule-2.0.so.0.3200.3
6e13f000-6e140000 rw-p 00003000 08:06 5247673    /usr/lib/i386-linux-gnu/libgmodule-2.0.so.0.3200.3
6e140000-6e144000 rw-s 0ad90000 00:05 9958       /dev/nvidia0
6e144000-6e14c000 r-xp 00000000 08:06 3021173    /home/dronesimulator/Desktop/jdk1.7.0_21/jre/lib/i386/libprism-es2.so
6e14c000-6e14d000 r--p 00007000 08:06 3021173    /home/dronesimulator/Desktop/jdk1.7.0_21/jre/lib/i386/libprism-es2.so
6e14d000-6e14e000 rw-p 00008000 08:06 3021173    /home/dronesimulator/Desktop/jdk1.7.0_21/jre/lib/i386/libprism-es2.so
6e14e000-6e151000 ---p 00000000 00:00 0 
6e151000-6e19f000 rw-p 00000000 00:00 0          [stack:4284]
6e19f000-6e1b2000 r--s 0012c000 08:06 2893679    /home/dronesimulator/Desktop/eclipse/plugins/org.eclipse.ajdt.ui_2.2.3.e42x-20130509-1100.jar
6e1b2000-6e1c7000 r--s 00197000 08:06 2893675    /home/dronesimulator/Desktop/eclipse/plugins/org.aspectj.weaver_1.7.3.20130403143700.jar
6e1c7000-6e200000 r--s 005b2000 08:06 2893674    /home/dronesimulator/Desktop/eclipse/plugins/org.aspectj.ajde_1.7.3.20130403143700.jar
6e200000-6e2ff000 rw-p 00000000 00:00 0 
6e2ff000-6e300000 ---p 00000000 00:00 0 
6e300000-6e301000 rw-p 00000000 00:00 0 
6e301000-6e303000 r--p 00000000 08:06 2884592    /home/dronesimulator/.config/dconf/user
6e303000-6e304000 rw-s f000c000 00:05 9958       /dev/nvidia0
6e304000-6e305000 rw-s 1d06b000 00:05 9958       /dev/nvidia0
6e305000-6e309000 rw-s 1cb14000 00:05 9958       /dev/nvidia0
6e309000-6e311000 r--s 0009c000 08:06 2893676    /home/dronesimulator/Desktop/eclipse/plugins/org.eclipse.ajdt.core_2.2.3.e42x-20130509-1100.jar
6e311000-6e315000 r--s 00035000 08:06 3671307    /home/dronesimulator/Desktop/tod/git/zz.jinterp/lib/asm-all-3.2-svn.jar
6e315000-6e323000 r--s 00081000 08:06 3670792    /home/dronesimulator/Desktop/tod/git/tod/evdbng/lib/reflex-core.jar
6e323000-6e325000 r--s 00005000 08:06 3670791    /home/dronesimulator/Desktop/tod/git/tod/evdbng/lib/pom.jar
6e325000-6e32d000 r--s 0005b000 08:06 3670790    /home/dronesimulator/Desktop/tod/git/tod/evdbng/lib/lucene-core-2.0.0.jar
6e32d000-6e331000 r--s 00018000 08:06 3670789    /home/dronesimulator/Desktop/tod/git/tod/evdbng/lib/junit-4.1.jar
6e331000-6e335000 r--s 00018000 08:06 3416074    /home/dronesimulator/Desktop/tod/git/tod/dbgrid/lib/junit-4.1.jar
6e335000-6e33d000 r--s 0005b000 08:06 3416075    /home/dronesimulator/Desktop/tod/git/tod/dbgrid/lib/lucene-core-2.0.0.jar
6e33d000-6e345000 r--s 0005b000 08:06 3670823    /home/dronesimulator/Desktop/tod/git/tod/tod.plugin/lib/lucene-core-2.0.0.jar
6e345000-6e35c000 r--s 00113000 08:06 3670821    /home/dronesimulator/Desktop/tod/git/tod/tod.plugin/lib/jython-2.2.1.jar
6e35c000-6e36c000 r--s 0009a000 08:06 3670820    /home/dronesimulator/Desktop/tod/git/tod/tod.plugin/lib/infovis.jar
6e36c000-6e370000 r--s 00045000 08:06 3670818    /home/dronesimulator/Desktop/tod/git/tod/tod.plugin/lib/asm-all-3.2-svn.jar
6e370000-6e37b000 r--s 00084000 08:06 2894070    /home/dronesimulator/Desktop/eclipse/plugins/org.eclipse.ui.workbench.texteditor_3.8.0.v20120523-1310.jar
6e37b000-6e37e000 r--s 0000b000 08:06 2893693    /home/dronesimulator/Desktop/eclipse/plugins/org.eclipse.jdt.junit.runtime_3.4.301.v20120914-131016.jar
6e37e000-6e381000 r--s 00021000 08:06 2894214    /home/dronesimulator/Desktop/eclipse/plugins/org.eclipse.jdt.junit.core_3.7.100.v20120523-1257.jar
6e381000-6e38a000 r--s 0005f000 08:06 2894165    /home/dronesimulator/Desktop/eclipse/plugins/org.eclipse.jdt.junit_3.7.100.v20120523-1543.jar
6e38a000-6e38c000 r--s 0001a000 08:06 2894063    /home/dronesimulator/Desktop/eclipse/plugins/org.eclipse.pde.launching_3.6.100.v20120605-203027.jar
6e38c000-6e39d000 r--s 0011c000 08:06 2893791    /home/dronesimulator/Desktop/eclipse/plugins/org.eclipse.pde.core_3.8.1.v20130115-200504.jar
6e39d000-6e3e8000 r--s 003d1000 08:06 2893869    /home/dronesimulator/Desktop/eclipse/plugins/org.eclipse.pde.ui_3.7.2.v20130121-093123.jar
6e3e8000-6e3ed000 r--s 00038000 08:06 2894060    /home/dronesimulator/Desktop/eclipse/plugins/org.eclipse.text_3.5.200.v20120523-1310.jar
6e3ed000-6e400000 r--s 000e0000 08:06 2893828    /home/dronesimulator/Desktop/eclipse/plugins/org.eclipse.jface.text_3.8.2.v20121126-164145.jar
6e400000-6e4ff000 rw-p 00000000 00:00 0 
6e4ff000-6e500000 ---p 00000000 00:00 0 
6e500000-6e600000 rw-p 00000000 00:00 0 
6e600000-6e601000 rw-p 00000000 00:00 0 
6e601000-6e606000 r-xp 00000000 08:06 5247438    /usr/lib/i386-linux-gnu/libXdmcp.so.6.0.0
6e606000-6e607000 r--p 00004000 08:06 5247438    /usr/lib/i386-linux-gnu/libXdmcp.so.6.0.0
6e607000-6e608000 rw-p 00005000 08:06 5247438    /usr/lib/i386-linux-gnu/libXdmcp.so.6.0.0
6e608000-6e60d000 r--s 00049000 08:06 2894314    /home/dronesimulator/Desktop/eclipse/plugins/org.eclipse.jdt.launching_3.6.101.v20130111-183046.jar
6e60d000-6e627000 r--s 00139000 08:06 2894170    /home/dronesimulator/Desktop/eclipse/plugins/org.eclipse.jdt.debug.ui_3.6.100.v20120530-1425.jar
6e627000-6e628000 r--s 00002000 08:06 2894203    /home/dronesimulator/Desktop/eclipse/plugins/org.eclipse.e4.ui.workbench3_0.12.0.v20120521-2329.jar
6e628000-6e66a000 r--s 00360000 08:06 2894044    /home/dronesimulator/Desktop/eclipse/plugins/org.eclipse.ui.workbench_3.104.0.v20130204-164612.jar
6e66a000-6e700000 r--s 00946000 08:06 2893938    /home/dronesimulator/Desktop/eclipse/plugins/org.eclipse.jdt.ui_3.8.2.v20130107-165834.jar
6e700000-6e7e8000 rw-p 00000000 00:00 0 
6e7e8000-6e800000 ---p 00000000 00:00 0 
6e800000-6e801000 rw-p 00000000 00:00 0 
6e801000-6e802000 r--s 00000000 08:06 2885250    /home/dronesimulator/.cache/dconf/user
6e802000-6e803000 rw-s dec0c000 00:05 9958       /dev/nvidia0
6e803000-6e807000 r-xp 00000000 08:06 5247470    /usr/lib/i386-linux-gnu/libXxf86vm.so.1.0.0
6e807000-6e808000 r--p 00003000 08:06 5247470    /usr/lib/i386-linux-gnu/libXxf86vm.so.1.0.0
6e808000-6e809000 rw-p 00004000 08:06 5247470    /usr/lib/i386-linux-gnu/libXxf86vm.so.1.0.0
6e809000-6e80c000 r--s 00018000 08:06 2893758    /home/dronesimulator/Desktop/eclipse/plugins/org.eclipse.core.commands_3.6.2.v20130123-162658.jar
6e80c000-6e820000 r--s 000f7000 08:06 2893922    /home/dronesimulator/Desktop/eclipse/plugins/org.eclipse.jface_3.8.102.v20130123-162658.jar
6e820000-6e836000 r--s 00233000 08:06 2894050    /home/dronesimulator/Desktop/eclipse/plugins/org.eclipse.swt.gtk.linux.x86_3.100.1.v4236b.jar
6e836000-6e839000 ---p 00000000 00:00 0 
6e839000-6e887000 rw-p 00000000 00:00 0          [stack:4282]
6e887000-6e916000 r--s 00dd7000 08:06 2895213    /home/dronesimulator/Desktop/jdk1.7.0_21/jre/lib/jfxrt.jar
6e916000-6e917000 ---p 00000000 00:00 0 
6e917000-6e997000 rw-p 00000000 00:00 0          [stack:4280]
6e997000-6e99a000 ---p 00000000 00:00 0 
6e99a000-6e9e8000 rw-p 00000000 00:00 0          [stack:4279]
6e9e8000-6e9eb000 ---p 00000000 00:00 0 
6e9eb000-6ea69000 rw-p 00000000 00:00 0          [stack:4278]
6ea69000-6ea6c000 ---p 00000000 00:00 0 
6ea6c000-6eaea000 rw-p 00000000 00:00 0          [stack:4277]
6eaea000-6eaed000 ---p 00000000 00:00 0 
6eaed000-6eb3b000 rw-p 00000000 00:00 0          [stack:4274]
6eb3b000-6eb3e000 ---p 00000000 00:00 0 
6eb3e000-6eb8c000 rw-p 00000000 00:00 0          [stack:4273]
6eb8c000-6eb8f000 ---p 00000000 00:00 0 
6eb8f000-6ebdd000 rw-p 00000000 00:00 0          [stack:4270]
6ebdd000-6ebe0000 ---p 00000000 00:00 0 
6ebe0000-6ec2e000 rw-p 00000000 00:00 0          [stack:4267]
6ec2e000-6ec31000 ---p 00000000 00:00 0 
6ec31000-6ec7f000 rw-p 00000000 00:00 0          [stack:4266]
6ec7f000-6ec80000 ---p 00000000 00:00 0 
6ec80000-6ed00000 rw-p 00000000 00:00 0          [stack:4265]
6ed00000-6ee00000 rw-p 00000000 00:00 0 
6ee00000-6ee01000 rw-s de641000 00:05 9958       /dev/nvidia0
6ee01000-6ee03000 r-xp 00000000 08:06 5247427    /usr/lib/i386-linux-gnu/libXau.so.6.0.0
6ee03000-6ee04000 r--p 00001000 08:06 5247427    /usr/lib/i386-linux-gnu/libXau.so.6.0.0
6ee04000-6ee05000 rw-p 00002000 08:06 5247427    /usr/lib/i386-linux-gnu/libXau.so.6.0.0
6ee05000-6ee09000 r--s 00022000 08:06 2893906    /home/dronesimulator/Desktop/eclipse/plugins/org.eclipse.ui_3.104.0.v20121024-145224.jar
6ee09000-6ee0a000 r--s 00004000 08:06 2893980    /home/dronesimulator/Desktop/eclipse/plugins/org.eclipse.swt_3.100.1.v4236b.jar
6ee0a000-6ee0c000 r--s 0000d000 08:06 2894019    /home/dronesimulator/Desktop/eclipse/plugins/org.eclipse.jdt.compiler.tool_1.0.200.v20130116-050536.jar
6ee0c000-6ee0e000 r--s 00024000 08:06 2893942    /home/dronesimulator/Desktop/eclipse/plugins/org.eclipse.jdt.compiler.apt_1.0.600.v20130116-050536.jar
6ee0e000-6ee38000 r--s 0046e000 08:06 2893955    /home/dronesimulator/Desktop/eclipse/plugins/org.eclipse.jdt.core_3.8.3.v20130121-145325.jar
6ee38000-6ee3b000 r--s 00013000 08:06 2893603    /home/dronesimulator/Desktop/eclipse/plugins/org.eclipse.equinox.app_1.3.100.v20120522-1841.jar
6ee3b000-6ee86000 rw-p 00000000 00:00 0 
6ee86000-6f043000 r--s 039de000 08:06 2895026    /home/dronesimulator/Desktop/jdk1.7.0_21/jre/lib/rt.jar
6f043000-71b00000 rw-p 00000000 00:00 0 
71b00000-71c00000 rw-p 00000000 00:00 0 
71c00000-71c01000 rw-s 3071d000 00:05 9958       /dev/nvidia0
71c01000-71c03000 r--s 00015000 08:06 2893987    /home/dronesimulator/Desktop/eclipse/plugins/org.eclipse.core.contenttype_3.4.200.v20120523-2004.jar
71c03000-71c06000 r--s 0001c000 08:06 2893778    /home/dronesimulator/Desktop/eclipse/plugins/org.eclipse.equinox.preferences_3.5.1.v20121031-182809.jar
71c06000-71c09000 r--s 0002a000 08:06 2893727    /home/dronesimulator/Desktop/eclipse/plugins/org.eclipse.equinox.registry_3.5.200.v20120522-1841.jar
71c09000-71c0b000 r--s 00002000 08:06 3283694    /home/dronesimulator/Desktop/eclipse/plugins/org.eclipse.core.runtime.compatibility.registry_3.5.101.v20130108-163257/runtime_registry_compatibility.jar
71c0b000-71c0d000 r--s 00015000 08:06 2894131    /home/dronesimulator/Desktop/eclipse/plugins/org.eclipse.core.jobs_3.5.300.v20120912-155018.jar
71c0d000-71c21000 r--s 00142000 08:06 2893926    /home/dronesimulator/Desktop/eclipse/plugins/org.eclipse.osgi_3.8.2.v20130124-134944.jar
71c21000-71c2e000 r--s 000c6000 08:06 3283659    /home/dronesimulator/Desktop/eclipse/plugins/org.eclipse.jdt.debug_3.7.101.v20120913-153601/jdimodel.jar
71c2e000-71c31000 ---p 00000000 00:00 0 
71c31000-71c7f000 rw-p 00000000 00:00 0          [stack:4268]
71c7f000-71c80000 ---p 00000000 00:00 0 
71c80000-71d00000 rw-p 00000000 00:00 0          [stack:4264]
71d00000-71d21000 rw-p 00000000 00:00 0 
71d21000-71e00000 ---p 00000000 00:00 0 
71e00000-71e03000 r--s 00018000 08:06 2894081    /home/dronesimulator/Desktop/eclipse/plugins/org.eclipse.equinox.common_3.6.100.v20120522-1841.jar
71e03000-71e05000 r--s 00008000 08:06 2893691    /home/dronesimulator/Desktop/eclipse/plugins/org.eclipse.equinox.weaving.hook_1.0.200.I20130319-1000.jar
71e05000-71e09000 r--s 0000e000 08:06 3283661    /home/dronesimulator/Desktop/eclipse/plugins/org.eclipse.jdt.debug_3.7.101.v20120913-153601/jdi.jar
71e09000-71e3c000 r--s 0024c000 08:06 2893781    /home/dronesimulator/Desktop/eclipse/plugins/org.eclipse.debug.ui_3.8.2.v20130130-171415.jar
71e3c000-71e44000 r--s 0004d000 08:06 2894208    /home/dronesimulator/Desktop/eclipse/plugins/org.eclipse.debug.core_3.7.100.v20120521-2012.jar
71e44000-71e4f000 r--s 000bb000 08:06 2893838    /home/dronesimulator/Desktop/eclipse/plugins/org.eclipse.core.resources_3.8.1.v20121114-124432.jar
71e4f000-71e50000 ---p 00000000 00:00 0 
71e50000-71ed8000 rw-p 00000000 00:00 0          [stack:4263]
71ed8000-71ef0000 rw-p 00000000 00:00 0 
71ef0000-71f05000 rw-p 00000000 00:00 0 
71f05000-72036000 rw-p 00000000 00:00 0 
72036000-7203e000 rw-p 00000000 00:00 0 
7203e000-72056000 rw-p 00000000 00:00 0 
72056000-7206b000 rw-p 00000000 00:00 0 
7206b000-7219c000 rw-p 00000000 00:00 0 
7219c000-7223f000 rw-p 00000000 00:00 0 
7223f000-73240000 rw-p 00000000 00:00 0 
73240000-76240000 rw-p 00000000 00:00 0 
76240000-78b00000 rw-p 00000000 00:00 0 
78b00000-9ee40000 rw-p 00000000 00:00 0 
9ee40000-b3340000 rw-p 00000000 00:00 0 
b3340000-b3440000 ---p 00000000 00:00 0 
b3440000-b3449000 rw-p 00000000 00:00 0 
b3449000-b3500000 rw-p 00000000 00:00 0 
b3500000-b3740000 rwxp 00000000 00:00 0 
b3740000-b6500000 rw-p 00000000 00:00 0 
b6500000-b6700000 r--p 00000000 08:06 5250102    /usr/lib/locale/locale-archive
b6700000-b67fc000 rw-p 00000000 00:00 0 
b67fc000-b6800000 ---p 00000000 00:00 0 
b6800000-b6801000 rw-s 2657a000 00:05 9958       /dev/nvidia0
b6801000-b6803000 r--s 00006000 08:06 2894278    /home/dronesimulator/Desktop/eclipse/plugins/at.bestsolution.efxclipse.runtime.osgi_0.8.1.201303112105.jar
b6803000-b6807000 r--s 00045000 08:06 3670747    /home/dronesimulator/Desktop/tod/git/tod/core/lib/asm-all-3.2-svn.jar
b6807000-b680b000 r--s 0001c000 08:06 2893672    /home/dronesimulator/Desktop/eclipse/plugins/org.aspectj.runtime_1.7.3.20130403143700.jar
b680b000-b681b000 r--s 0009a000 08:06 3670749    /home/dronesimulator/Desktop/tod/git/tod/core/lib/infovis.jar
b681b000-b6832000 r--s 00113000 08:06 3670751    /home/dronesimulator/Desktop/tod/git/tod/core/lib/jython-2.2.1.jar
b6832000-b6838000 r--s 00034000 08:06 3283689    /home/dronesimulator/Desktop/eclipse/plugins/org.junit_4.10.0.v4_10_0_v20120426-0900/junit.jar
b6838000-b683b000 r-xp 00000000 08:06 3021161    /home/dronesimulator/Desktop/jdk1.7.0_21/jre/lib/i386/libdt_socket.so
b683b000-b683c000 rw-p 00003000 08:06 3021161    /home/dronesimulator/Desktop/jdk1.7.0_21/jre/lib/i386/libdt_socket.so
b683c000-b6847000 r-xp 00000000 08:06 3801971    /lib/i386-linux-gnu/libnss_files-2.15.so
b6847000-b6848000 r--p 0000a000 08:06 3801971    /lib/i386-linux-gnu/libnss_files-2.15.so
b6848000-b6849000 rw-p 0000b000 08:06 3801971    /lib/i386-linux-gnu/libnss_files-2.15.so
b6849000-b6853000 r-xp 00000000 08:06 3801975    /lib/i386-linux-gnu/libnss_nis-2.15.so
b6853000-b6854000 r--p 00009000 08:06 3801975    /lib/i386-linux-gnu/libnss_nis-2.15.so
b6854000-b6855000 rw-p 0000a000 08:06 3801975    /lib/i386-linux-gnu/libnss_nis-2.15.so
b6855000-b686b000 r-xp 00000000 08:06 3801965    /lib/i386-linux-gnu/libnsl-2.15.so
b686b000-b686c000 r--p 00015000 08:06 3801965    /lib/i386-linux-gnu/libnsl-2.15.so
b686c000-b686d000 rw-p 00016000 08:06 3801965    /lib/i386-linux-gnu/libnsl-2.15.so
b686d000-b686f000 rw-p 00000000 00:00 0 
b686f000-b6876000 r-xp 00000000 08:06 3801967    /lib/i386-linux-gnu/libnss_compat-2.15.so
b6876000-b6877000 r--p 00006000 08:06 3801967    /lib/i386-linux-gnu/libnss_compat-2.15.so
b6877000-b6878000 rw-p 00007000 08:06 3801967    /lib/i386-linux-gnu/libnss_compat-2.15.so
b6878000-b6879000 rw-s de060000 00:05 9958       /dev/nvidia0
b6879000-b687b000 r--s 00011000 08:06 2894017    /home/dronesimulator/Desktop/eclipse/plugins/org.eclipse.core.runtime_3.8.0.v20120912-155025.jar
b687b000-b6892000 r-xp 00000000 08:06 3021180    /home/dronesimulator/Desktop/jdk1.7.0_21/jre/lib/i386/libzip.so
b6892000-b6893000 rw-p 00017000 08:06 3021180    /home/dronesimulator/Desktop/jdk1.7.0_21/jre/lib/i386/libzip.so
b6893000-b68ca000 r-xp 00000000 08:06 3021154    /home/dronesimulator/Desktop/jdk1.7.0_21/jre/lib/i386/libjdwp.so
b68ca000-b68cb000 rw-p 00037000 08:06 3021154    /home/dronesimulator/Desktop/jdk1.7.0_21/jre/lib/i386/libjdwp.so
b68cb000-b68ee000 r-xp 00000000 08:06 3021142    /home/dronesimulator/Desktop/jdk1.7.0_21/jre/lib/i386/libjava.so
b68ee000-b68ef000 rw-p 00023000 08:06 3021142    /home/dronesimulator/Desktop/jdk1.7.0_21/jre/lib/i386/libjava.so
b68ef000-b68f6000 r-xp 00000000 08:06 3802006    /lib/i386-linux-gnu/librt-2.15.so
b68f6000-b68f7000 r--p 00006000 08:06 3802006    /lib/i386-linux-gnu/librt-2.15.so
b68f7000-b68f8000 rw-p 00007000 08:06 3802006    /lib/i386-linux-gnu/librt-2.15.so
b68f8000-b68fb000 ---p 00000000 00:00 0 
b68fb000-b6949000 rw-p 00000000 00:00 0          [stack:4262]
b6949000-b6973000 r-xp 00000000 08:06 3801952    /lib/i386-linux-gnu/libm-2.15.so
b6973000-b6974000 r--p 00029000 08:06 3801952    /lib/i386-linux-gnu/libm-2.15.so
b6974000-b6975000 rw-p 0002a000 08:06 3801952    /lib/i386-linux-gnu/libm-2.15.so
b6975000-b7130000 r-xp 00000000 08:06 3021179    /home/dronesimulator/Desktop/jdk1.7.0_21/jre/lib/i386/server/libjvm.so
b7130000-b7182000 rw-p 007bb000 08:06 3021179    /home/dronesimulator/Desktop/jdk1.7.0_21/jre/lib/i386/server/libjvm.so
b7182000-b75a5000 rw-p 00000000 00:00 0 
b75a5000-b7748000 r-xp 00000000 08:06 3801920    /lib/i386-linux-gnu/libc-2.15.so
b7748000-b7749000 ---p 001a3000 08:06 3801920    /lib/i386-linux-gnu/libc-2.15.so
b7749000-b774b000 r--p 001a3000 08:06 3801920    /lib/i386-linux-gnu/libc-2.15.so
b774b000-b774c000 rw-p 001a5000 08:06 3801920    /lib/i386-linux-gnu/libc-2.15.so
b774c000-b774f000 rw-p 00000000 00:00 0 
b774f000-b7752000 r-xp 00000000 08:06 3801933    /lib/i386-linux-gnu/libdl-2.15.so
b7752000-b7753000 r--p 00002000 08:06 3801933    /lib/i386-linux-gnu/libdl-2.15.so
b7753000-b7754000 rw-p 00003000 08:06 3801933    /lib/i386-linux-gnu/libdl-2.15.so
b7754000-b7767000 r-xp 00000000 08:06 3021146    /home/dronesimulator/Desktop/jdk1.7.0_21/jre/lib/i386/jli/libjli.so
b7767000-b7768000 rw-p 00012000 08:06 3021146    /home/dronesimulator/Desktop/jdk1.7.0_21/jre/lib/i386/jli/libjli.so
b7768000-b7769000 rw-p 00000000 00:00 0 
b7769000-b7780000 r-xp 00000000 08:06 3802000    /lib/i386-linux-gnu/libpthread-2.15.so
b7780000-b7781000 r--p 00016000 08:06 3802000    /lib/i386-linux-gnu/libpthread-2.15.so
b7781000-b7782000 rw-p 00017000 08:06 3802000    /lib/i386-linux-gnu/libpthread-2.15.so
b7782000-b7784000 rw-p 00000000 00:00 0 
b7784000-b7785000 r--s 00006000 08:06 2894120    /home/dronesimulator/Desktop/eclipse/plugins/org.hamcrest.core_1.1.0.v20090501071000.jar
b7785000-b778d000 rw-s 00000000 08:06 5516142    /tmp/hsperfdata_dronesimulator/4254
b778d000-b778e000 r--p 005e0000 08:06 5250102    /usr/lib/locale/locale-archive
b778e000-b7790000 r-xp 00000000 08:06 3021174    /home/dronesimulator/Desktop/jdk1.7.0_21/jre/lib/i386/libnpt.so
b7790000-b7791000 rw-p 00002000 08:06 3021174    /home/dronesimulator/Desktop/jdk1.7.0_21/jre/lib/i386/libnpt.so
b7791000-b7792000 rw-p 00000000 00:00 0 
b7792000-b7793000 r--p 00000000 00:00 0 
b7793000-b779e000 r-xp 00000000 08:06 3021124    /home/dronesimulator/Desktop/jdk1.7.0_21/jre/lib/i386/libverify.so
b779e000-b779f000 rw-p 0000b000 08:06 3021124    /home/dronesimulator/Desktop/jdk1.7.0_21/jre/lib/i386/libverify.so
b779f000-b77a1000 rw-p 00000000 00:00 0 
b77a1000-b77a2000 r-xp 00000000 00:00 0          [vdso]
b77a2000-b77c2000 r-xp 00000000 08:06 3801900    /lib/i386-linux-gnu/ld-2.15.so
b77c2000-b77c3000 r--p 0001f000 08:06 3801900    /lib/i386-linux-gnu/ld-2.15.so
b77c3000-b77c4000 rw-p 00020000 08:06 3801900    /lib/i386-linux-gnu/ld-2.15.so
bff54000-bff76000 rw-p 00000000 00:00 0          [stack]

VM Arguments:
jvm_args: -agentlib:jdwp=transport=dt_socket,suspend=y,address=localhost:45854 -ea -Ddbimpl=evdbng -Dfile.encoding=UTF-8 
java_command: com.live.Debugger.liveDebugging tod-dbgrid-remote:localhost
Launcher Type: SUN_STANDARD

Environment Variables:
PATH=/usr/lib/lightdm/lightdm:/usr/local/sbin:/usr/local/bin:/usr/sbin:/usr/bin:/sbin:/bin:/usr/games
LD_LIBRARY_PATH=/home/dronesimulator/Desktop/jdk1.7.0_21/jre/lib/i386/server:/home/dronesimulator/Desktop/jdk1.7.0_21/jre/lib/i386:/home/dronesimulator/Desktop/jdk1.7.0_21/jre/../lib/i386:/home/dronesimulator/Desktop/jdk1.7.0_21/jre/lib/i386/client:/home/dronesimulator/Desktop/jdk1.7.0_21/jre/lib/i386:
SHELL=/bin/bash
DISPLAY=:0.0

Signal Handlers:
SIGSEGV: [libjvm.so+0x722ea0], sa_mask[0]=0x7ffbfeff, sa_flags=0x10000004
SIGBUS: [libjvm.so+0x722ea0], sa_mask[0]=0x7ffbfeff, sa_flags=0x10000004
SIGFPE: [libjvm.so+0x5dbc80], sa_mask[0]=0x7ffbfeff, sa_flags=0x10000004
SIGPIPE: SIG_IGN, sa_mask[0]=0x00001000, sa_flags=0x10000000
SIGXFSZ: [libjvm.so+0x5dbc80], sa_mask[0]=0x7ffbfeff, sa_flags=0x10000004
SIGILL: [libjvm.so+0x5dbc80], sa_mask[0]=0x7ffbfeff, sa_flags=0x10000004
SIGUSR1: SIG_DFL, sa_mask[0]=0x00000000, sa_flags=0x00000000
SIGUSR2: [libjvm.so+0x5db560], sa_mask[0]=0x00000004, sa_flags=0x10000004
SIGHUP: [libjvm.so+0x5ddb50], sa_mask[0]=0x7ffbfeff, sa_flags=0x10000004
SIGINT: [libjvm.so+0x5ddb50], sa_mask[0]=0x7ffbfeff, sa_flags=0x10000004
SIGTERM: [libjvm.so+0x5ddb50], sa_mask[0]=0x7ffbfeff, sa_flags=0x10000004
SIGQUIT: [libjvm.so+0x5ddb50], sa_mask[0]=0x7ffbfeff, sa_flags=0x10000004


---------------  S Y S T E M  ---------------

OS:wheezy/sid

uname:Linux 3.5.0-23-generic #35~precise1-Ubuntu SMP Fri Jan 25 17:15:33 UTC 2013 i686
libc:glibc 2.15 NPTL 2.15 
rlimit: STACK 8192k, CORE 0k, NPROC 31142, NOFILE 4096, AS infinity
load average:4.23 2.05 1.27

/proc/meminfo:
MemTotal:        4002024 kB
MemFree:          231380 kB
Buffers:            1464 kB
Cached:            83964 kB
SwapCached:        30740 kB
Active:          2605204 kB
Inactive:         811792 kB
Active(anon):    2560428 kB
Inactive(anon):   772256 kB
Active(file):      44776 kB
Inactive(file):    39536 kB
Unevictable:           0 kB
Mlocked:               0 kB
HighTotal:       3147780 kB
HighFree:          62208 kB
LowTotal:         854244 kB
LowFree:          169172 kB
SwapTotal:       4059132 kB
SwapFree:         209576 kB
Dirty:               256 kB
Writeback:             0 kB
AnonPages:       3301320 kB
Mapped:           143008 kB
Shmem:               848 kB
Slab:              42420 kB
SReclaimable:      13072 kB
SUnreclaim:        29348 kB
KernelStack:        7592 kB
PageTables:        24096 kB
NFS_Unstable:          0 kB
Bounce:                0 kB
WritebackTmp:          0 kB
CommitLimit:     6060144 kB
Committed_AS:   11095336 kB
VmallocTotal:     122880 kB
VmallocUsed:       80528 kB
VmallocChunk:      15144 kB
HardwareCorrupted:     0 kB
AnonHugePages:         0 kB
HugePages_Total:       0
HugePages_Free:        0
HugePages_Rsvd:        0
HugePages_Surp:        0
Hugepagesize:       2048 kB
DirectMap4k:      319480 kB
DirectMap2M:      593920 kB


CPU:total 2 (2 cores per cpu, 1 threads per core) family 6 model 23 stepping 10, cmov, cx8, fxsr, mmx, sse, sse2, sse3, ssse3, sse4.1, tsc

/proc/cpuinfo:
processor	: 0
vendor_id	: GenuineIntel
cpu family	: 6
model		: 23
model name	: Intel(R) Core(TM)2 Duo CPU     E8500  @ 3.16GHz
stepping	: 10
microcode	: 0xa07
cpu MHz		: 3166.000
cache size	: 6144 KB
physical id	: 0
siblings	: 2
core id		: 0
cpu cores	: 2
apicid		: 0
initial apicid	: 0
fdiv_bug	: no
hlt_bug		: no
f00f_bug	: no
coma_bug	: no
fpu		: yes
fpu_exception	: yes
cpuid level	: 13
wp		: yes
flags		: fpu vme de pse tsc msr pae mce cx8 apic sep mtrr pge mca cmov pat pse36 clflush dts acpi mmx fxsr sse sse2 ss ht tm pbe nx lm constant_tsc arch_perfmon pebs bts aperfmperf pni dtes64 monitor ds_cpl vmx smx est tm2 ssse3 cx16 xtpr pdcm sse4_1 xsave lahf_lm dtherm tpr_shadow vnmi flexpriority
bogomips	: 6317.69
clflush size	: 64
cache_alignment	: 64
address sizes	: 36 bits physical, 48 bits virtual
power management:

processor	: 1
vendor_id	: GenuineIntel
cpu family	: 6
model		: 23
model name	: Intel(R) Core(TM)2 Duo CPU     E8500  @ 3.16GHz
stepping	: 10
microcode	: 0xa07
cpu MHz		: 2000.000
cache size	: 6144 KB
physical id	: 0
siblings	: 2
core id		: 1
cpu cores	: 2
apicid		: 1
initial apicid	: 1
fdiv_bug	: no
hlt_bug		: no
f00f_bug	: no
coma_bug	: no
fpu		: yes
fpu_exception	: yes
cpuid level	: 13
wp		: yes
flags		: fpu vme de pse tsc msr pae mce cx8 apic sep mtrr pge mca cmov pat pse36 clflush dts acpi mmx fxsr sse sse2 ss ht tm pbe nx lm constant_tsc arch_perfmon pebs bts aperfmperf pni dtes64 monitor ds_cpl vmx smx est tm2 ssse3 cx16 xtpr pdcm sse4_1 xsave lahf_lm dtherm tpr_shadow vnmi flexpriority
bogomips	: 6317.69
clflush size	: 64
cache_alignment	: 64
address sizes	: 36 bits physical, 48 bits virtual
power management:



Memory: 4k page, physical 4002024k(231380k free), swap 4059132k(209576k free)

vm_info: Java HotSpot(TM) Server VM (23.21-b01) for linux-x86 JRE (1.7.0_21-b11), built on Apr  4 2013 04:20:11 by "java_re" with gcc 4.3.0 20080428 (Red Hat 4.3.0-8)

time: Wed Jul 24 15:02:56 2013
elapsed time: 40 seconds

